{"C:\\Users\\istha\\Desktop\\Chais School\\Winter 2024\\CSE 341\\teamFinal\\app.js": {"path":"C:\\Users\\istha\\Desktop\\Chais School\\Winter 2024\\CSE 341\\teamFinal\\app.js","statementMap":{"0":{"start":{"line":1,"column":13},"end":{"line":1,"column":28}},"1":{"start":{"line":2,"column":15},"end":{"line":2,"column":32}},"2":{"start":{"line":3,"column":16},"end":{"line":3,"column":34}},"3":{"start":{"line":4,"column":19},"end":{"line":4,"column":41}},"4":{"start":{"line":5,"column":15},"end":{"line":5,"column":44}},"5":{"start":{"line":6,"column":16},"end":{"line":6,"column":39}},"6":{"start":{"line":7,"column":17},"end":{"line":7,"column":36}},"7":{"start":{"line":8,"column":16},"end":{"line":8,"column":42}},"8":{"start":{"line":9,"column":12},"end":{"line":9,"column":21}},"9":{"start":{"line":10,"column":13},"end":{"line":10,"column":37}},"10":{"start":{"line":12,"column":0},"end":{"line":12,"column":27}},"11":{"start":{"line":14,"column":0},"end":{"line":23,"column":3}},"12":{"start":{"line":15,"column":2},"end":{"line":15,"column":52}},"13":{"start":{"line":16,"column":2},"end":{"line":19,"column":4}},"14":{"start":{"line":20,"column":2},"end":{"line":20,"column":52}},"15":{"start":{"line":21,"column":2},"end":{"line":21,"column":83}},"16":{"start":{"line":22,"column":2},"end":{"line":22,"column":9}},"17":{"start":{"line":25,"column":0},"end":{"line":25,"column":46}},"18":{"start":{"line":27,"column":0},"end":{"line":27,"column":38}},"19":{"start":{"line":37,"column":6},"end":{"line":37,"column":30}},"20":{"start":{"line":40,"column":0},"end":{"line":52,"column":3}},"21":{"start":{"line":53,"column":2},"end":{"line":53,"column":32}},"22":{"start":{"line":56,"column":0},"end":{"line":60,"column":4}},"23":{"start":{"line":65,"column":0},"end":{"line":65,"column":31}},"24":{"start":{"line":66,"column":0},"end":{"line":66,"column":28}},"25":{"start":{"line":69,"column":0},"end":{"line":69,"column":57}},"26":{"start":{"line":72,"column":0},"end":{"line":72,"column":43}},"27":{"start":{"line":74,"column":0},"end":{"line":74,"column":34}},"28":{"start":{"line":76,"column":0},"end":{"line":78,"column":3}},"29":{"start":{"line":77,"column":2},"end":{"line":77,"column":95}},"30":{"start":{"line":80,"column":0},"end":{"line":87,"column":3}},"31":{"start":{"line":81,"column":2},"end":{"line":86,"column":3}},"32":{"start":{"line":82,"column":4},"end":{"line":82,"column":21}},"33":{"start":{"line":84,"column":4},"end":{"line":84,"column":21}},"34":{"start":{"line":85,"column":4},"end":{"line":85,"column":60}},"35":{"start":{"line":89,"column":0},"end":{"line":89,"column":22}},"36":{"start":{"line":91,"column":0},"end":{"line":91,"column":21}}},"fnMap":{"0":{"name":"(anonymous_0)","decl":{"start":{"line":14,"column":8},"end":{"line":14,"column":9}},"loc":{"start":{"line":14,"column":28},"end":{"line":23,"column":1}},"line":14},"1":{"name":"(anonymous_1)","decl":{"start":{"line":76,"column":32},"end":{"line":76,"column":33}},"loc":{"start":{"line":76,"column":49},"end":{"line":78,"column":1}},"line":76},"2":{"name":"(anonymous_2)","decl":{"start":{"line":80,"column":15},"end":{"line":80,"column":16}},"loc":{"start":{"line":80,"column":24},"end":{"line":87,"column":1}},"line":80}},"branchMap":{"0":{"loc":{"start":{"line":10,"column":13},"end":{"line":10,"column":37}},"type":"binary-expr","locations":[{"start":{"line":10,"column":13},"end":{"line":10,"column":29}},{"start":{"line":10,"column":33},"end":{"line":10,"column":37}}],"line":10},"1":{"loc":{"start":{"line":81,"column":2},"end":{"line":86,"column":3}},"type":"if","locations":[{"start":{"line":81,"column":2},"end":{"line":86,"column":3}},{"start":{"line":83,"column":9},"end":{"line":86,"column":3}}],"line":81}},"s":{"0":1,"1":1,"2":1,"3":1,"4":1,"5":1,"6":1,"7":1,"8":1,"9":1,"10":1,"11":1,"12":2,"13":2,"14":2,"15":2,"16":2,"17":1,"18":1,"19":1,"20":1,"21":1,"22":1,"23":1,"24":1,"25":1,"26":1,"27":1,"28":1,"29":0,"30":1,"31":1,"32":0,"33":1,"34":1,"35":1,"36":1},"f":{"0":2,"1":0,"2":1},"b":{"0":[1,1],"1":[0,1]},"_coverageSchema":"1a1c01bbd47fc00a2c39e90264f33305004495a9","hash":"a95f575797a9909754c048a5d96682245f871dcb"}
,"C:\\Users\\istha\\Desktop\\Chais School\\Winter 2024\\CSE 341\\teamFinal\\routes\\index.js": {"path":"C:\\Users\\istha\\Desktop\\Chais School\\Winter 2024\\CSE 341\\teamFinal\\routes\\index.js","statementMap":{"0":{"start":{"line":1,"column":16},"end":{"line":1,"column":34}},"1":{"start":{"line":2,"column":15},"end":{"line":2,"column":31}},"2":{"start":{"line":3,"column":13},"end":{"line":3,"column":42}},"3":{"start":{"line":7,"column":0},"end":{"line":7,"column":73}},"4":{"start":{"line":9,"column":0},"end":{"line":9,"column":66}},"5":{"start":{"line":11,"column":0},"end":{"line":11,"column":71}},"6":{"start":{"line":13,"column":0},"end":{"line":13,"column":38}},"7":{"start":{"line":15,"column":0},"end":{"line":19,"column":2}},"8":{"start":{"line":16,"column":4},"end":{"line":18,"column":6}},"9":{"start":{"line":21,"column":0},"end":{"line":26,"column":2}},"10":{"start":{"line":23,"column":4},"end":{"line":25,"column":6}},"11":{"start":{"line":29,"column":0},"end":{"line":29,"column":24}}},"fnMap":{"0":{"name":"(anonymous_0)","decl":{"start":{"line":15,"column":34},"end":{"line":15,"column":35}},"loc":{"start":{"line":15,"column":48},"end":{"line":19,"column":1}},"line":15},"1":{"name":"(anonymous_1)","decl":{"start":{"line":21,"column":42},"end":{"line":21,"column":43}},"loc":{"start":{"line":21,"column":56},"end":{"line":26,"column":1}},"line":21}},"branchMap":{},"s":{"0":1,"1":1,"2":1,"3":1,"4":1,"5":1,"6":1,"7":1,"8":0,"9":1,"10":0,"11":1},"f":{"0":0,"1":0},"b":{},"_coverageSchema":"1a1c01bbd47fc00a2c39e90264f33305004495a9","hash":"2ec43b74ca9daf54c56ab83a46554a288b23bb0d"}
}
