{"C:\\Users\\istha\\Desktop\\Chais School\\Winter 2024\\CSE 341\\teamFinal\\app.js": {"path":"C:\\Users\\istha\\Desktop\\Chais School\\Winter 2024\\CSE 341\\teamFinal\\app.js","statementMap":{"0":{"start":{"line":1,"column":13},"end":{"line":1,"column":28}},"1":{"start":{"line":2,"column":15},"end":{"line":2,"column":32}},"2":{"start":{"line":3,"column":16},"end":{"line":3,"column":34}},"3":{"start":{"line":4,"column":19},"end":{"line":4,"column":41}},"4":{"start":{"line":5,"column":15},"end":{"line":5,"column":44}},"5":{"start":{"line":6,"column":16},"end":{"line":6,"column":39}},"6":{"start":{"line":7,"column":17},"end":{"line":7,"column":36}},"7":{"start":{"line":8,"column":16},"end":{"line":8,"column":42}},"8":{"start":{"line":9,"column":12},"end":{"line":9,"column":21}},"9":{"start":{"line":11,"column":0},"end":{"line":11,"column":27}},"10":{"start":{"line":13,"column":0},"end":{"line":22,"column":3}},"11":{"start":{"line":14,"column":2},"end":{"line":14,"column":52}},"12":{"start":{"line":15,"column":2},"end":{"line":18,"column":4}},"13":{"start":{"line":19,"column":2},"end":{"line":19,"column":52}},"14":{"start":{"line":20,"column":2},"end":{"line":20,"column":83}},"15":{"start":{"line":21,"column":2},"end":{"line":21,"column":9}},"16":{"start":{"line":24,"column":0},"end":{"line":24,"column":46}},"17":{"start":{"line":26,"column":0},"end":{"line":26,"column":38}},"18":{"start":{"line":36,"column":6},"end":{"line":36,"column":30}},"19":{"start":{"line":39,"column":0},"end":{"line":51,"column":3}},"20":{"start":{"line":52,"column":2},"end":{"line":52,"column":32}},"21":{"start":{"line":55,"column":0},"end":{"line":59,"column":4}},"22":{"start":{"line":64,"column":0},"end":{"line":64,"column":31}},"23":{"start":{"line":65,"column":0},"end":{"line":65,"column":28}},"24":{"start":{"line":68,"column":0},"end":{"line":68,"column":57}},"25":{"start":{"line":71,"column":0},"end":{"line":71,"column":43}},"26":{"start":{"line":73,"column":0},"end":{"line":73,"column":34}},"27":{"start":{"line":75,"column":0},"end":{"line":77,"column":3}},"28":{"start":{"line":76,"column":2},"end":{"line":76,"column":95}},"29":{"start":{"line":79,"column":0},"end":{"line":83,"column":3}},"30":{"start":{"line":80,"column":2},"end":{"line":82,"column":3}},"31":{"start":{"line":81,"column":4},"end":{"line":81,"column":21}},"32":{"start":{"line":85,"column":0},"end":{"line":89,"column":3}},"33":{"start":{"line":86,"column":2},"end":{"line":88,"column":3}},"34":{"start":{"line":87,"column":4},"end":{"line":87,"column":21}},"35":{"start":{"line":92,"column":0},"end":{"line":92,"column":21}}},"fnMap":{"0":{"name":"(anonymous_0)","decl":{"start":{"line":13,"column":8},"end":{"line":13,"column":9}},"loc":{"start":{"line":13,"column":28},"end":{"line":22,"column":1}},"line":13},"1":{"name":"(anonymous_1)","decl":{"start":{"line":75,"column":32},"end":{"line":75,"column":33}},"loc":{"start":{"line":75,"column":49},"end":{"line":77,"column":1}},"line":75},"2":{"name":"(anonymous_2)","decl":{"start":{"line":79,"column":15},"end":{"line":79,"column":16}},"loc":{"start":{"line":79,"column":24},"end":{"line":83,"column":1}},"line":79},"3":{"name":"(anonymous_3)","decl":{"start":{"line":85,"column":21},"end":{"line":85,"column":22}},"loc":{"start":{"line":85,"column":30},"end":{"line":89,"column":1}},"line":85}},"branchMap":{"0":{"loc":{"start":{"line":80,"column":2},"end":{"line":82,"column":3}},"type":"if","locations":[{"start":{"line":80,"column":2},"end":{"line":82,"column":3}},{"start":{},"end":{}}],"line":80},"1":{"loc":{"start":{"line":86,"column":2},"end":{"line":88,"column":3}},"type":"if","locations":[{"start":{"line":86,"column":2},"end":{"line":88,"column":3}},{"start":{},"end":{}}],"line":86}},"s":{"0":2,"1":2,"2":2,"3":2,"4":2,"5":2,"6":2,"7":2,"8":2,"9":2,"10":2,"11":17,"12":17,"13":17,"14":17,"15":17,"16":2,"17":2,"18":2,"19":2,"20":2,"21":2,"22":2,"23":2,"24":2,"25":2,"26":2,"27":2,"28":0,"29":2,"30":2,"31":0,"32":2,"33":0,"34":0,"35":2},"f":{"0":17,"1":0,"2":2,"3":0},"b":{"0":[0,2],"1":[0,0]},"_coverageSchema":"1a1c01bbd47fc00a2c39e90264f33305004495a9","hash":"919264e2a0b65a458f04b5a9887d9077cbcba238"}
,"C:\\Users\\istha\\Desktop\\Chais School\\Winter 2024\\CSE 341\\teamFinal\\controllers\\entriesController.js": {"path":"C:\\Users\\istha\\Desktop\\Chais School\\Winter 2024\\CSE 341\\teamFinal\\controllers\\entriesController.js","statementMap":{"0":{"start":{"line":1,"column":16},"end":{"line":1,"column":40}},"1":{"start":{"line":2,"column":17},"end":{"line":2,"column":44}},"2":{"start":{"line":4,"column":22},"end":{"line":14,"column":1}},"3":{"start":{"line":5,"column":17},"end":{"line":5,"column":72}},"4":{"start":{"line":6,"column":2},"end":{"line":13,"column":3}},"5":{"start":{"line":7,"column":4},"end":{"line":10,"column":7}},"6":{"start":{"line":8,"column":6},"end":{"line":8,"column":56}},"7":{"start":{"line":9,"column":6},"end":{"line":9,"column":34}},"8":{"start":{"line":12,"column":4},"end":{"line":12,"column":85}},"9":{"start":{"line":16,"column":30},"end":{"line":30,"column":1}},"10":{"start":{"line":17,"column":2},"end":{"line":19,"column":3}},"11":{"start":{"line":18,"column":4},"end":{"line":18,"column":57}},"12":{"start":{"line":20,"column":20},"end":{"line":20,"column":36}},"13":{"start":{"line":21,"column":17},"end":{"line":21,"column":108}},"14":{"start":{"line":22,"column":2},"end":{"line":29,"column":3}},"15":{"start":{"line":23,"column":4},"end":{"line":26,"column":7}},"16":{"start":{"line":24,"column":6},"end":{"line":24,"column":56}},"17":{"start":{"line":25,"column":6},"end":{"line":25,"column":34}},"18":{"start":{"line":28,"column":4},"end":{"line":28,"column":93}},"19":{"start":{"line":32,"column":25},"end":{"line":43,"column":1}},"20":{"start":{"line":33,"column":20},"end":{"line":33,"column":36}},"21":{"start":{"line":34,"column":17},"end":{"line":34,"column":108}},"22":{"start":{"line":35,"column":2},"end":{"line":42,"column":3}},"23":{"start":{"line":36,"column":4},"end":{"line":39,"column":7}},"24":{"start":{"line":37,"column":6},"end":{"line":37,"column":56}},"25":{"start":{"line":38,"column":6},"end":{"line":38,"column":34}},"26":{"start":{"line":41,"column":4},"end":{"line":41,"column":93}},"27":{"start":{"line":45,"column":20},"end":{"line":59,"column":1}},"28":{"start":{"line":46,"column":2},"end":{"line":48,"column":3}},"29":{"start":{"line":47,"column":4},"end":{"line":47,"column":55}},"30":{"start":{"line":49,"column":18},"end":{"line":49,"column":45}},"31":{"start":{"line":50,"column":17},"end":{"line":50,"column":98}},"32":{"start":{"line":51,"column":2},"end":{"line":58,"column":3}},"33":{"start":{"line":52,"column":4},"end":{"line":55,"column":7}},"34":{"start":{"line":53,"column":6},"end":{"line":53,"column":56}},"35":{"start":{"line":54,"column":6},"end":{"line":54,"column":37}},"36":{"start":{"line":57,"column":4},"end":{"line":57,"column":83}},"37":{"start":{"line":61,"column":17},"end":{"line":85,"column":1}},"38":{"start":{"line":62,"column":16},"end":{"line":78,"column":3}},"39":{"start":{"line":79,"column":19},"end":{"line":79,"column":94}},"40":{"start":{"line":80,"column":2},"end":{"line":84,"column":3}},"41":{"start":{"line":81,"column":4},"end":{"line":81,"column":35}},"42":{"start":{"line":83,"column":4},"end":{"line":83,"column":83}},"43":{"start":{"line":87,"column":20},"end":{"line":114,"column":1}},"44":{"start":{"line":88,"column":2},"end":{"line":90,"column":3}},"45":{"start":{"line":89,"column":4},"end":{"line":89,"column":55}},"46":{"start":{"line":91,"column":17},"end":{"line":91,"column":44}},"47":{"start":{"line":92,"column":16},"end":{"line":102,"column":3}},"48":{"start":{"line":103,"column":19},"end":{"line":107,"column":39}},"49":{"start":{"line":108,"column":2},"end":{"line":108,"column":24}},"50":{"start":{"line":109,"column":2},"end":{"line":113,"column":3}},"51":{"start":{"line":110,"column":4},"end":{"line":110,"column":27}},"52":{"start":{"line":112,"column":4},"end":{"line":112,"column":83}},"53":{"start":{"line":116,"column":20},"end":{"line":132,"column":1}},"54":{"start":{"line":117,"column":2},"end":{"line":119,"column":3}},"55":{"start":{"line":118,"column":4},"end":{"line":118,"column":55}},"56":{"start":{"line":120,"column":17},"end":{"line":120,"column":44}},"57":{"start":{"line":121,"column":19},"end":{"line":125,"column":37}},"58":{"start":{"line":126,"column":2},"end":{"line":126,"column":24}},"59":{"start":{"line":127,"column":2},"end":{"line":131,"column":3}},"60":{"start":{"line":128,"column":4},"end":{"line":128,"column":27}},"61":{"start":{"line":130,"column":4},"end":{"line":130,"column":83}},"62":{"start":{"line":134,"column":0},"end":{"line":134,"column":125}}},"fnMap":{"0":{"name":"(anonymous_0)","decl":{"start":{"line":4,"column":22},"end":{"line":4,"column":23}},"loc":{"start":{"line":4,"column":42},"end":{"line":14,"column":1}},"line":4},"1":{"name":"(anonymous_1)","decl":{"start":{"line":7,"column":26},"end":{"line":7,"column":27}},"loc":{"start":{"line":7,"column":37},"end":{"line":10,"column":5}},"line":7},"2":{"name":"(anonymous_2)","decl":{"start":{"line":16,"column":30},"end":{"line":16,"column":31}},"loc":{"start":{"line":16,"column":50},"end":{"line":30,"column":1}},"line":16},"3":{"name":"(anonymous_3)","decl":{"start":{"line":23,"column":26},"end":{"line":23,"column":27}},"loc":{"start":{"line":23,"column":37},"end":{"line":26,"column":5}},"line":23},"4":{"name":"(anonymous_4)","decl":{"start":{"line":32,"column":25},"end":{"line":32,"column":26}},"loc":{"start":{"line":32,"column":45},"end":{"line":43,"column":1}},"line":32},"5":{"name":"(anonymous_5)","decl":{"start":{"line":36,"column":26},"end":{"line":36,"column":27}},"loc":{"start":{"line":36,"column":37},"end":{"line":39,"column":5}},"line":36},"6":{"name":"(anonymous_6)","decl":{"start":{"line":45,"column":20},"end":{"line":45,"column":21}},"loc":{"start":{"line":45,"column":40},"end":{"line":59,"column":1}},"line":45},"7":{"name":"(anonymous_7)","decl":{"start":{"line":52,"column":26},"end":{"line":52,"column":27}},"loc":{"start":{"line":52,"column":37},"end":{"line":55,"column":5}},"line":52},"8":{"name":"(anonymous_8)","decl":{"start":{"line":61,"column":17},"end":{"line":61,"column":18}},"loc":{"start":{"line":61,"column":37},"end":{"line":85,"column":1}},"line":61},"9":{"name":"(anonymous_9)","decl":{"start":{"line":87,"column":20},"end":{"line":87,"column":21}},"loc":{"start":{"line":87,"column":40},"end":{"line":114,"column":1}},"line":87},"10":{"name":"(anonymous_10)","decl":{"start":{"line":116,"column":20},"end":{"line":116,"column":21}},"loc":{"start":{"line":116,"column":40},"end":{"line":132,"column":1}},"line":116}},"branchMap":{"0":{"loc":{"start":{"line":6,"column":2},"end":{"line":13,"column":3}},"type":"if","locations":[{"start":{"line":6,"column":2},"end":{"line":13,"column":3}},{"start":{"line":11,"column":9},"end":{"line":13,"column":3}}],"line":6},"1":{"loc":{"start":{"line":12,"column":25},"end":{"line":12,"column":83}},"type":"binary-expr","locations":[{"start":{"line":12,"column":25},"end":{"line":12,"column":37}},{"start":{"line":12,"column":41},"end":{"line":12,"column":83}}],"line":12},"2":{"loc":{"start":{"line":17,"column":2},"end":{"line":19,"column":3}},"type":"if","locations":[{"start":{"line":17,"column":2},"end":{"line":19,"column":3}},{"start":{},"end":{}}],"line":17},"3":{"loc":{"start":{"line":22,"column":2},"end":{"line":29,"column":3}},"type":"if","locations":[{"start":{"line":22,"column":2},"end":{"line":29,"column":3}},{"start":{"line":27,"column":9},"end":{"line":29,"column":3}}],"line":22},"4":{"loc":{"start":{"line":28,"column":25},"end":{"line":28,"column":91}},"type":"binary-expr","locations":[{"start":{"line":28,"column":25},"end":{"line":28,"column":37}},{"start":{"line":28,"column":41},"end":{"line":28,"column":91}}],"line":28},"5":{"loc":{"start":{"line":35,"column":2},"end":{"line":42,"column":3}},"type":"if","locations":[{"start":{"line":35,"column":2},"end":{"line":42,"column":3}},{"start":{"line":40,"column":9},"end":{"line":42,"column":3}}],"line":35},"6":{"loc":{"start":{"line":41,"column":25},"end":{"line":41,"column":91}},"type":"binary-expr","locations":[{"start":{"line":41,"column":25},"end":{"line":41,"column":37}},{"start":{"line":41,"column":41},"end":{"line":41,"column":91}}],"line":41},"7":{"loc":{"start":{"line":46,"column":2},"end":{"line":48,"column":3}},"type":"if","locations":[{"start":{"line":46,"column":2},"end":{"line":48,"column":3}},{"start":{},"end":{}}],"line":46},"8":{"loc":{"start":{"line":51,"column":2},"end":{"line":58,"column":3}},"type":"if","locations":[{"start":{"line":51,"column":2},"end":{"line":58,"column":3}},{"start":{"line":56,"column":9},"end":{"line":58,"column":3}}],"line":51},"9":{"loc":{"start":{"line":57,"column":25},"end":{"line":57,"column":81}},"type":"binary-expr","locations":[{"start":{"line":57,"column":25},"end":{"line":57,"column":37}},{"start":{"line":57,"column":41},"end":{"line":57,"column":81}}],"line":57},"10":{"loc":{"start":{"line":80,"column":2},"end":{"line":84,"column":3}},"type":"if","locations":[{"start":{"line":80,"column":2},"end":{"line":84,"column":3}},{"start":{"line":82,"column":9},"end":{"line":84,"column":3}}],"line":80},"11":{"loc":{"start":{"line":83,"column":25},"end":{"line":83,"column":81}},"type":"binary-expr","locations":[{"start":{"line":83,"column":25},"end":{"line":83,"column":39}},{"start":{"line":83,"column":43},"end":{"line":83,"column":81}}],"line":83},"12":{"loc":{"start":{"line":88,"column":2},"end":{"line":90,"column":3}},"type":"if","locations":[{"start":{"line":88,"column":2},"end":{"line":90,"column":3}},{"start":{},"end":{}}],"line":88},"13":{"loc":{"start":{"line":109,"column":2},"end":{"line":113,"column":3}},"type":"if","locations":[{"start":{"line":109,"column":2},"end":{"line":113,"column":3}},{"start":{"line":111,"column":9},"end":{"line":113,"column":3}}],"line":109},"14":{"loc":{"start":{"line":112,"column":25},"end":{"line":112,"column":81}},"type":"binary-expr","locations":[{"start":{"line":112,"column":25},"end":{"line":112,"column":39}},{"start":{"line":112,"column":43},"end":{"line":112,"column":81}}],"line":112},"15":{"loc":{"start":{"line":117,"column":2},"end":{"line":119,"column":3}},"type":"if","locations":[{"start":{"line":117,"column":2},"end":{"line":119,"column":3}},{"start":{},"end":{}}],"line":117},"16":{"loc":{"start":{"line":127,"column":2},"end":{"line":131,"column":3}},"type":"if","locations":[{"start":{"line":127,"column":2},"end":{"line":131,"column":3}},{"start":{"line":129,"column":9},"end":{"line":131,"column":3}}],"line":127},"17":{"loc":{"start":{"line":130,"column":25},"end":{"line":130,"column":81}},"type":"binary-expr","locations":[{"start":{"line":130,"column":25},"end":{"line":130,"column":39}},{"start":{"line":130,"column":43},"end":{"line":130,"column":81}}],"line":130}},"s":{"0":2,"1":2,"2":2,"3":2,"4":2,"5":2,"6":2,"7":2,"8":0,"9":2,"10":1,"11":0,"12":1,"13":1,"14":1,"15":1,"16":1,"17":1,"18":0,"19":2,"20":0,"21":0,"22":0,"23":0,"24":0,"25":0,"26":0,"27":2,"28":0,"29":0,"30":0,"31":0,"32":0,"33":0,"34":0,"35":0,"36":0,"37":2,"38":1,"39":1,"40":1,"41":1,"42":0,"43":2,"44":0,"45":0,"46":0,"47":0,"48":0,"49":0,"50":0,"51":0,"52":0,"53":2,"54":0,"55":0,"56":0,"57":0,"58":0,"59":0,"60":0,"61":0,"62":2},"f":{"0":2,"1":2,"2":1,"3":1,"4":0,"5":0,"6":0,"7":0,"8":1,"9":0,"10":0},"b":{"0":[2,0],"1":[0,0],"2":[0,1],"3":[1,0],"4":[0,0],"5":[0,0],"6":[0,0],"7":[0,0],"8":[0,0],"9":[0,0],"10":[1,0],"11":[0,0],"12":[0,0],"13":[0,0],"14":[0,0],"15":[0,0],"16":[0,0],"17":[0,0]},"_coverageSchema":"1a1c01bbd47fc00a2c39e90264f33305004495a9","hash":"4b1be0bb497126de9b5446994fbac25bbea78602"}
,"C:\\Users\\istha\\Desktop\\Chais School\\Winter 2024\\CSE 341\\teamFinal\\controllers\\usersController.js": {"path":"C:\\Users\\istha\\Desktop\\Chais School\\Winter 2024\\CSE 341\\teamFinal\\controllers\\usersController.js","statementMap":{"0":{"start":{"line":1,"column":16},"end":{"line":1,"column":40}},"1":{"start":{"line":2,"column":17},"end":{"line":2,"column":44}},"2":{"start":{"line":4,"column":20},"end":{"line":14,"column":1}},"3":{"start":{"line":5,"column":17},"end":{"line":5,"column":80}},"4":{"start":{"line":6,"column":2},"end":{"line":13,"column":3}},"5":{"start":{"line":7,"column":4},"end":{"line":10,"column":7}},"6":{"start":{"line":8,"column":6},"end":{"line":8,"column":56}},"7":{"start":{"line":9,"column":6},"end":{"line":9,"column":34}},"8":{"start":{"line":12,"column":4},"end":{"line":12,"column":83}},"9":{"start":{"line":16,"column":19},"end":{"line":30,"column":1}},"10":{"start":{"line":17,"column":2},"end":{"line":19,"column":3}},"11":{"start":{"line":18,"column":4},"end":{"line":18,"column":54}},"12":{"start":{"line":20,"column":17},"end":{"line":20,"column":44}},"13":{"start":{"line":21,"column":17},"end":{"line":21,"column":95}},"14":{"start":{"line":22,"column":2},"end":{"line":29,"column":3}},"15":{"start":{"line":23,"column":4},"end":{"line":26,"column":7}},"16":{"start":{"line":24,"column":6},"end":{"line":24,"column":56}},"17":{"start":{"line":25,"column":6},"end":{"line":25,"column":37}},"18":{"start":{"line":28,"column":4},"end":{"line":28,"column":78}},"19":{"start":{"line":32,"column":22},"end":{"line":43,"column":1}},"20":{"start":{"line":33,"column":19},"end":{"line":33,"column":35}},"21":{"start":{"line":34,"column":17},"end":{"line":34,"column":169}},"22":{"start":{"line":35,"column":2},"end":{"line":42,"column":3}},"23":{"start":{"line":36,"column":4},"end":{"line":39,"column":7}},"24":{"start":{"line":37,"column":6},"end":{"line":37,"column":56}},"25":{"start":{"line":38,"column":6},"end":{"line":38,"column":34}},"26":{"start":{"line":41,"column":4},"end":{"line":41,"column":78}},"27":{"start":{"line":45,"column":16},"end":{"line":61,"column":1}},"28":{"start":{"line":46,"column":15},"end":{"line":54,"column":3}},"29":{"start":{"line":55,"column":19},"end":{"line":55,"column":91}},"30":{"start":{"line":56,"column":2},"end":{"line":60,"column":3}},"31":{"start":{"line":57,"column":4},"end":{"line":57,"column":35}},"32":{"start":{"line":59,"column":4},"end":{"line":59,"column":82}},"33":{"start":{"line":63,"column":19},"end":{"line":88,"column":1}},"34":{"start":{"line":64,"column":2},"end":{"line":66,"column":3}},"35":{"start":{"line":65,"column":4},"end":{"line":65,"column":54}},"36":{"start":{"line":67,"column":17},"end":{"line":67,"column":44}},"37":{"start":{"line":68,"column":15},"end":{"line":76,"column":3}},"38":{"start":{"line":77,"column":19},"end":{"line":81,"column":38}},"39":{"start":{"line":82,"column":2},"end":{"line":82,"column":24}},"40":{"start":{"line":83,"column":2},"end":{"line":87,"column":3}},"41":{"start":{"line":84,"column":4},"end":{"line":84,"column":27}},"42":{"start":{"line":86,"column":4},"end":{"line":86,"column":82}},"43":{"start":{"line":90,"column":19},"end":{"line":106,"column":1}},"44":{"start":{"line":91,"column":2},"end":{"line":93,"column":3}},"45":{"start":{"line":92,"column":4},"end":{"line":92,"column":54}},"46":{"start":{"line":94,"column":17},"end":{"line":94,"column":44}},"47":{"start":{"line":95,"column":19},"end":{"line":99,"column":37}},"48":{"start":{"line":100,"column":2},"end":{"line":100,"column":24}},"49":{"start":{"line":101,"column":2},"end":{"line":105,"column":3}},"50":{"start":{"line":102,"column":4},"end":{"line":102,"column":27}},"51":{"start":{"line":104,"column":4},"end":{"line":104,"column":82}},"52":{"start":{"line":108,"column":0},"end":{"line":108,"column":93}}},"fnMap":{"0":{"name":"(anonymous_0)","decl":{"start":{"line":4,"column":20},"end":{"line":4,"column":21}},"loc":{"start":{"line":4,"column":40},"end":{"line":14,"column":1}},"line":4},"1":{"name":"(anonymous_1)","decl":{"start":{"line":7,"column":26},"end":{"line":7,"column":27}},"loc":{"start":{"line":7,"column":37},"end":{"line":10,"column":5}},"line":7},"2":{"name":"(anonymous_2)","decl":{"start":{"line":16,"column":19},"end":{"line":16,"column":20}},"loc":{"start":{"line":16,"column":39},"end":{"line":30,"column":1}},"line":16},"3":{"name":"(anonymous_3)","decl":{"start":{"line":23,"column":26},"end":{"line":23,"column":27}},"loc":{"start":{"line":23,"column":37},"end":{"line":26,"column":5}},"line":23},"4":{"name":"(anonymous_4)","decl":{"start":{"line":32,"column":22},"end":{"line":32,"column":23}},"loc":{"start":{"line":32,"column":42},"end":{"line":43,"column":1}},"line":32},"5":{"name":"(anonymous_5)","decl":{"start":{"line":36,"column":26},"end":{"line":36,"column":27}},"loc":{"start":{"line":36,"column":37},"end":{"line":39,"column":5}},"line":36},"6":{"name":"(anonymous_6)","decl":{"start":{"line":45,"column":16},"end":{"line":45,"column":17}},"loc":{"start":{"line":45,"column":36},"end":{"line":61,"column":1}},"line":45},"7":{"name":"(anonymous_7)","decl":{"start":{"line":63,"column":19},"end":{"line":63,"column":20}},"loc":{"start":{"line":63,"column":39},"end":{"line":88,"column":1}},"line":63},"8":{"name":"(anonymous_8)","decl":{"start":{"line":90,"column":19},"end":{"line":90,"column":20}},"loc":{"start":{"line":90,"column":39},"end":{"line":106,"column":1}},"line":90}},"branchMap":{"0":{"loc":{"start":{"line":6,"column":2},"end":{"line":13,"column":3}},"type":"if","locations":[{"start":{"line":6,"column":2},"end":{"line":13,"column":3}},{"start":{"line":11,"column":9},"end":{"line":13,"column":3}}],"line":6},"1":{"loc":{"start":{"line":12,"column":25},"end":{"line":12,"column":81}},"type":"binary-expr","locations":[{"start":{"line":12,"column":25},"end":{"line":12,"column":37}},{"start":{"line":12,"column":41},"end":{"line":12,"column":81}}],"line":12},"2":{"loc":{"start":{"line":17,"column":2},"end":{"line":19,"column":3}},"type":"if","locations":[{"start":{"line":17,"column":2},"end":{"line":19,"column":3}},{"start":{},"end":{}}],"line":17},"3":{"loc":{"start":{"line":22,"column":2},"end":{"line":29,"column":3}},"type":"if","locations":[{"start":{"line":22,"column":2},"end":{"line":29,"column":3}},{"start":{"line":27,"column":9},"end":{"line":29,"column":3}}],"line":22},"4":{"loc":{"start":{"line":28,"column":25},"end":{"line":28,"column":76}},"type":"binary-expr","locations":[{"start":{"line":28,"column":25},"end":{"line":28,"column":37}},{"start":{"line":28,"column":41},"end":{"line":28,"column":76}}],"line":28},"5":{"loc":{"start":{"line":35,"column":2},"end":{"line":42,"column":3}},"type":"if","locations":[{"start":{"line":35,"column":2},"end":{"line":42,"column":3}},{"start":{"line":40,"column":9},"end":{"line":42,"column":3}}],"line":35},"6":{"loc":{"start":{"line":41,"column":25},"end":{"line":41,"column":76}},"type":"binary-expr","locations":[{"start":{"line":41,"column":25},"end":{"line":41,"column":37}},{"start":{"line":41,"column":41},"end":{"line":41,"column":76}}],"line":41},"7":{"loc":{"start":{"line":56,"column":2},"end":{"line":60,"column":3}},"type":"if","locations":[{"start":{"line":56,"column":2},"end":{"line":60,"column":3}},{"start":{"line":58,"column":9},"end":{"line":60,"column":3}}],"line":56},"8":{"loc":{"start":{"line":59,"column":25},"end":{"line":59,"column":80}},"type":"binary-expr","locations":[{"start":{"line":59,"column":25},"end":{"line":59,"column":39}},{"start":{"line":59,"column":43},"end":{"line":59,"column":80}}],"line":59},"9":{"loc":{"start":{"line":64,"column":2},"end":{"line":66,"column":3}},"type":"if","locations":[{"start":{"line":64,"column":2},"end":{"line":66,"column":3}},{"start":{},"end":{}}],"line":64},"10":{"loc":{"start":{"line":83,"column":2},"end":{"line":87,"column":3}},"type":"if","locations":[{"start":{"line":83,"column":2},"end":{"line":87,"column":3}},{"start":{"line":85,"column":9},"end":{"line":87,"column":3}}],"line":83},"11":{"loc":{"start":{"line":86,"column":25},"end":{"line":86,"column":80}},"type":"binary-expr","locations":[{"start":{"line":86,"column":25},"end":{"line":86,"column":39}},{"start":{"line":86,"column":43},"end":{"line":86,"column":80}}],"line":86},"12":{"loc":{"start":{"line":91,"column":2},"end":{"line":93,"column":3}},"type":"if","locations":[{"start":{"line":91,"column":2},"end":{"line":93,"column":3}},{"start":{},"end":{}}],"line":91},"13":{"loc":{"start":{"line":101,"column":2},"end":{"line":105,"column":3}},"type":"if","locations":[{"start":{"line":101,"column":2},"end":{"line":105,"column":3}},{"start":{"line":103,"column":9},"end":{"line":105,"column":3}}],"line":101},"14":{"loc":{"start":{"line":104,"column":25},"end":{"line":104,"column":80}},"type":"binary-expr","locations":[{"start":{"line":104,"column":25},"end":{"line":104,"column":39}},{"start":{"line":104,"column":43},"end":{"line":104,"column":80}}],"line":104}},"s":{"0":2,"1":2,"2":2,"3":2,"4":2,"5":2,"6":2,"7":2,"8":0,"9":2,"10":0,"11":0,"12":0,"13":0,"14":0,"15":0,"16":0,"17":0,"18":0,"19":2,"20":0,"21":0,"22":0,"23":0,"24":0,"25":0,"26":0,"27":2,"28":1,"29":1,"30":1,"31":1,"32":0,"33":2,"34":0,"35":0,"36":0,"37":0,"38":0,"39":0,"40":0,"41":0,"42":0,"43":2,"44":0,"45":0,"46":0,"47":0,"48":0,"49":0,"50":0,"51":0,"52":2},"f":{"0":2,"1":2,"2":0,"3":0,"4":0,"5":0,"6":1,"7":0,"8":0},"b":{"0":[2,0],"1":[0,0],"2":[0,0],"3":[0,0],"4":[0,0],"5":[0,0],"6":[0,0],"7":[1,0],"8":[0,0],"9":[0,0],"10":[0,0],"11":[0,0],"12":[0,0],"13":[0,0],"14":[0,0]},"_coverageSchema":"1a1c01bbd47fc00a2c39e90264f33305004495a9","hash":"970976c039aaeadfc4a355e271b53bf76b8522e1"}
,"C:\\Users\\istha\\Desktop\\Chais School\\Winter 2024\\CSE 341\\teamFinal\\middleware\\auth.js": {"path":"C:\\Users\\istha\\Desktop\\Chais School\\Winter 2024\\CSE 341\\teamFinal\\middleware\\auth.js","statementMap":{"0":{"start":{"line":1,"column":0},"end":{"line":19,"column":3}},"1":{"start":{"line":3,"column":6},"end":{"line":10,"column":7}},"2":{"start":{"line":4,"column":8},"end":{"line":4,"column":21}},"3":{"start":{"line":6,"column":11},"end":{"line":10,"column":7}},"4":{"start":{"line":7,"column":8},"end":{"line":7,"column":21}},"5":{"start":{"line":9,"column":8},"end":{"line":9,"column":25}},"6":{"start":{"line":13,"column":6},"end":{"line":17,"column":7}},"7":{"start":{"line":14,"column":8},"end":{"line":14,"column":22}},"8":{"start":{"line":16,"column":8},"end":{"line":16,"column":35}}},"fnMap":{"0":{"name":"(anonymous_0)","decl":{"start":{"line":2,"column":16},"end":{"line":2,"column":17}},"loc":{"start":{"line":2,"column":42},"end":{"line":11,"column":5}},"line":2},"1":{"name":"(anonymous_1)","decl":{"start":{"line":12,"column":17},"end":{"line":12,"column":18}},"loc":{"start":{"line":12,"column":43},"end":{"line":18,"column":5}},"line":12}},"branchMap":{"0":{"loc":{"start":{"line":3,"column":6},"end":{"line":10,"column":7}},"type":"if","locations":[{"start":{"line":3,"column":6},"end":{"line":10,"column":7}},{"start":{"line":6,"column":11},"end":{"line":10,"column":7}}],"line":3},"1":{"loc":{"start":{"line":6,"column":11},"end":{"line":10,"column":7}},"type":"if","locations":[{"start":{"line":6,"column":11},"end":{"line":10,"column":7}},{"start":{"line":8,"column":13},"end":{"line":10,"column":7}}],"line":6},"2":{"loc":{"start":{"line":13,"column":6},"end":{"line":17,"column":7}},"type":"if","locations":[{"start":{"line":13,"column":6},"end":{"line":17,"column":7}},{"start":{"line":15,"column":13},"end":{"line":17,"column":7}}],"line":13}},"s":{"0":2,"1":15,"2":15,"3":0,"4":0,"5":0,"6":2,"7":2,"8":0},"f":{"0":15,"1":2},"b":{"0":[15,0],"1":[0,0],"2":[2,0]},"_coverageSchema":"1a1c01bbd47fc00a2c39e90264f33305004495a9","hash":"865544ca1e3b8617056207f5b4b7ac4ea7d2dfcf"}
,"C:\\Users\\istha\\Desktop\\Chais School\\Winter 2024\\CSE 341\\teamFinal\\routes\\entriesRoute.js": {"path":"C:\\Users\\istha\\Desktop\\Chais School\\Winter 2024\\CSE 341\\teamFinal\\routes\\entriesRoute.js","statementMap":{"0":{"start":{"line":1,"column":16},"end":{"line":1,"column":34}},"1":{"start":{"line":2,"column":15},"end":{"line":2,"column":31}},"2":{"start":{"line":4,"column":19},"end":{"line":4,"column":52}},"3":{"start":{"line":6,"column":26},"end":{"line":6,"column":69}},"4":{"start":{"line":8,"column":0},"end":{"line":8,"column":49}},"5":{"start":{"line":10,"column":0},"end":{"line":10,"column":78}},"6":{"start":{"line":12,"column":0},"end":{"line":12,"column":77}},"7":{"start":{"line":14,"column":0},"end":{"line":14,"column":50}},"8":{"start":{"line":16,"column":0},"end":{"line":16,"column":45}},"9":{"start":{"line":18,"column":0},"end":{"line":18,"column":50}},"10":{"start":{"line":20,"column":0},"end":{"line":20,"column":53}},"11":{"start":{"line":22,"column":0},"end":{"line":22,"column":24}}},"fnMap":{},"branchMap":{},"s":{"0":2,"1":2,"2":2,"3":2,"4":2,"5":2,"6":2,"7":2,"8":2,"9":2,"10":2,"11":2},"f":{},"b":{},"_coverageSchema":"1a1c01bbd47fc00a2c39e90264f33305004495a9","hash":"a66a75cbc3dc9a1178ca783e9e2f0401471f302a"}
,"C:\\Users\\istha\\Desktop\\Chais School\\Winter 2024\\CSE 341\\teamFinal\\routes\\index.js": {"path":"C:\\Users\\istha\\Desktop\\Chais School\\Winter 2024\\CSE 341\\teamFinal\\routes\\index.js","statementMap":{"0":{"start":{"line":1,"column":16},"end":{"line":1,"column":34}},"1":{"start":{"line":2,"column":15},"end":{"line":2,"column":31}},"2":{"start":{"line":3,"column":13},"end":{"line":3,"column":42}},"3":{"start":{"line":7,"column":0},"end":{"line":7,"column":69}},"4":{"start":{"line":9,"column":0},"end":{"line":9,"column":63}},"5":{"start":{"line":11,"column":0},"end":{"line":11,"column":67}},"6":{"start":{"line":13,"column":0},"end":{"line":13,"column":63}},"7":{"start":{"line":15,"column":0},"end":{"line":15,"column":38}},"8":{"start":{"line":17,"column":0},"end":{"line":21,"column":2}},"9":{"start":{"line":18,"column":4},"end":{"line":20,"column":6}},"10":{"start":{"line":23,"column":0},"end":{"line":28,"column":2}},"11":{"start":{"line":25,"column":4},"end":{"line":27,"column":6}},"12":{"start":{"line":31,"column":0},"end":{"line":31,"column":24}}},"fnMap":{"0":{"name":"(anonymous_0)","decl":{"start":{"line":17,"column":34},"end":{"line":17,"column":35}},"loc":{"start":{"line":17,"column":48},"end":{"line":21,"column":1}},"line":17},"1":{"name":"(anonymous_1)","decl":{"start":{"line":23,"column":42},"end":{"line":23,"column":43}},"loc":{"start":{"line":23,"column":56},"end":{"line":28,"column":1}},"line":23}},"branchMap":{},"s":{"0":2,"1":2,"2":2,"3":2,"4":2,"5":2,"6":2,"7":2,"8":2,"9":2,"10":2,"11":0,"12":2},"f":{"0":2,"1":0},"b":{},"_coverageSchema":"1a1c01bbd47fc00a2c39e90264f33305004495a9","hash":"983028af353ffdfcb855b13274972d59843cc048"}
}
