TN:
SF:app.js
FN:13,(anonymous_0)
FN:75,(anonymous_1)
FN:79,(anonymous_2)
FN:85,(anonymous_3)
FNF:4
FNH:2
FNDA:15,(anonymous_0)
FNDA:0,(anonymous_1)
FNDA:5,(anonymous_2)
FNDA:0,(anonymous_3)
DA:1,5
DA:2,5
DA:3,5
DA:4,5
DA:5,5
DA:6,5
DA:7,5
DA:8,5
DA:9,5
DA:11,5
DA:13,5
DA:14,15
DA:15,15
DA:19,15
DA:20,15
DA:21,15
DA:24,5
DA:26,5
DA:36,5
DA:39,5
DA:52,5
DA:55,5
DA:64,5
DA:65,5
DA:68,5
DA:71,5
DA:73,5
DA:75,5
DA:76,0
DA:79,5
DA:80,5
DA:81,0
DA:85,5
DA:86,0
DA:87,0
DA:92,5
LF:36
LH:32
BRDA:80,0,0,0
BRDA:80,0,1,5
BRDA:86,1,0,0
BRDA:86,1,1,0
BRF:4
BRH:1
end_of_record
TN:
SF:controllers\journalsController.js
FN:4,(anonymous_0)
FN:7,(anonymous_1)
FN:16,(anonymous_2)
FN:20,(anonymous_3)
FN:30,(anonymous_4)
FN:37,(anonymous_5)
FN:47,(anonymous_6)
FN:54,(anonymous_7)
FN:63,(anonymous_8)
FN:87,(anonymous_9)
FN:113,(anonymous_10)
FNF:11
FNH:2
FNDA:3,(anonymous_0)
FNDA:3,(anonymous_1)
FNDA:0,(anonymous_2)
FNDA:0,(anonymous_3)
FNDA:0,(anonymous_4)
FNDA:0,(anonymous_5)
FNDA:0,(anonymous_6)
FNDA:0,(anonymous_7)
FNDA:0,(anonymous_8)
FNDA:0,(anonymous_9)
FNDA:0,(anonymous_10)
DA:1,5
DA:2,5
DA:4,5
DA:5,3
DA:6,3
DA:7,3
DA:8,3
DA:9,3
DA:12,0
DA:16,5
DA:17,0
DA:18,0
DA:19,0
DA:20,0
DA:21,0
DA:22,0
DA:25,0
DA:30,5
DA:31,0
DA:32,0
DA:34,0
DA:35,0
DA:36,0
DA:37,0
DA:38,0
DA:39,0
DA:42,0
DA:47,5
DA:48,0
DA:49,0
DA:51,0
DA:52,0
DA:53,0
DA:54,0
DA:55,0
DA:56,0
DA:59,0
DA:63,5
DA:64,0
DA:79,0
DA:80,0
DA:81,0
DA:83,0
DA:87,5
DA:88,0
DA:89,0
DA:91,0
DA:92,0
DA:100,0
DA:105,0
DA:106,0
DA:107,0
DA:109,0
DA:113,5
DA:114,0
DA:115,0
DA:117,0
DA:118,0
DA:123,0
DA:124,0
DA:125,0
DA:127,0
DA:131,5
LF:63
LH:15
BRDA:6,0,0,3
BRDA:6,0,1,0
BRDA:12,1,0,0
BRDA:12,1,1,0
BRDA:19,2,0,0
BRDA:19,2,1,0
BRDA:25,3,0,0
BRDA:25,3,1,0
BRDA:31,4,0,0
BRDA:31,4,1,0
BRDA:36,5,0,0
BRDA:36,5,1,0
BRDA:42,6,0,0
BRDA:42,6,1,0
BRDA:48,7,0,0
BRDA:48,7,1,0
BRDA:53,8,0,0
BRDA:53,8,1,0
BRDA:59,9,0,0
BRDA:59,9,1,0
BRDA:80,10,0,0
BRDA:80,10,1,0
BRDA:83,11,0,0
BRDA:83,11,1,0
BRDA:88,12,0,0
BRDA:88,12,1,0
BRDA:106,13,0,0
BRDA:106,13,1,0
BRDA:109,14,0,0
BRDA:109,14,1,0
BRDA:114,15,0,0
BRDA:114,15,1,0
BRDA:124,16,0,0
BRDA:124,16,1,0
BRDA:127,17,0,0
BRDA:127,17,1,0
BRF:36
BRH:1
end_of_record
