TN:
SF:app.js
FN:13,(anonymous_0)
FN:75,(anonymous_1)
FN:79,(anonymous_2)
FN:85,(anonymous_3)
FNF:4
FNH:2
FNDA:17,(anonymous_0)
FNDA:0,(anonymous_1)
FNDA:2,(anonymous_2)
FNDA:0,(anonymous_3)
DA:1,2
DA:2,2
DA:3,2
DA:4,2
DA:5,2
DA:6,2
DA:7,2
DA:8,2
DA:9,2
DA:11,2
DA:13,2
DA:14,17
DA:15,17
DA:19,17
DA:20,17
DA:21,17
DA:24,2
DA:26,2
DA:36,2
DA:39,2
DA:52,2
DA:55,2
DA:64,2
DA:65,2
DA:68,2
DA:71,2
DA:73,2
DA:75,2
DA:76,0
DA:79,2
DA:80,2
DA:81,0
DA:85,2
DA:86,0
DA:87,0
DA:92,2
LF:36
LH:32
BRDA:80,0,0,0
BRDA:80,0,1,2
BRDA:86,1,0,0
BRDA:86,1,1,0
BRF:4
BRH:1
end_of_record
TN:
SF:controllers\entriesController.js
FN:4,(anonymous_0)
FN:7,(anonymous_1)
FN:16,(anonymous_2)
FN:23,(anonymous_3)
FN:32,(anonymous_4)
FN:36,(anonymous_5)
FN:45,(anonymous_6)
FN:52,(anonymous_7)
FN:61,(anonymous_8)
FN:87,(anonymous_9)
FN:116,(anonymous_10)
FNF:11
FNH:5
FNDA:2,(anonymous_0)
FNDA:2,(anonymous_1)
FNDA:1,(anonymous_2)
FNDA:1,(anonymous_3)
FNDA:0,(anonymous_4)
FNDA:0,(anonymous_5)
FNDA:0,(anonymous_6)
FNDA:0,(anonymous_7)
FNDA:1,(anonymous_8)
FNDA:0,(anonymous_9)
FNDA:0,(anonymous_10)
DA:1,2
DA:2,2
DA:4,2
DA:5,2
DA:6,2
DA:7,2
DA:8,2
DA:9,2
DA:12,0
DA:16,2
DA:17,1
DA:18,0
DA:20,1
DA:21,1
DA:22,1
DA:23,1
DA:24,1
DA:25,1
DA:28,0
DA:32,2
DA:33,0
DA:34,0
DA:35,0
DA:36,0
DA:37,0
DA:38,0
DA:41,0
DA:45,2
DA:46,0
DA:47,0
DA:49,0
DA:50,0
DA:51,0
DA:52,0
DA:53,0
DA:54,0
DA:57,0
DA:61,2
DA:62,1
DA:79,1
DA:80,1
DA:81,1
DA:83,0
DA:87,2
DA:88,0
DA:89,0
DA:91,0
DA:92,0
DA:103,0
DA:108,0
DA:109,0
DA:110,0
DA:112,0
DA:116,2
DA:117,0
DA:118,0
DA:120,0
DA:121,0
DA:126,0
DA:127,0
DA:128,0
DA:130,0
DA:134,2
LF:63
LH:26
BRDA:6,0,0,2
BRDA:6,0,1,0
BRDA:12,1,0,0
BRDA:12,1,1,0
BRDA:17,2,0,0
BRDA:17,2,1,1
BRDA:22,3,0,1
BRDA:22,3,1,0
BRDA:28,4,0,0
BRDA:28,4,1,0
BRDA:35,5,0,0
BRDA:35,5,1,0
BRDA:41,6,0,0
BRDA:41,6,1,0
BRDA:46,7,0,0
BRDA:46,7,1,0
BRDA:51,8,0,0
BRDA:51,8,1,0
BRDA:57,9,0,0
BRDA:57,9,1,0
BRDA:80,10,0,1
BRDA:80,10,1,0
BRDA:83,11,0,0
BRDA:83,11,1,0
BRDA:88,12,0,0
BRDA:88,12,1,0
BRDA:109,13,0,0
BRDA:109,13,1,0
BRDA:112,14,0,0
BRDA:112,14,1,0
BRDA:117,15,0,0
BRDA:117,15,1,0
BRDA:127,16,0,0
BRDA:127,16,1,0
BRDA:130,17,0,0
BRDA:130,17,1,0
BRF:36
BRH:4
end_of_record
TN:
SF:controllers\usersController.js
FN:4,(anonymous_0)
FN:7,(anonymous_1)
FN:16,(anonymous_2)
FN:23,(anonymous_3)
FN:32,(anonymous_4)
FN:36,(anonymous_5)
FN:45,(anonymous_6)
FN:63,(anonymous_7)
FN:90,(anonymous_8)
FNF:9
FNH:3
FNDA:2,(anonymous_0)
FNDA:2,(anonymous_1)
FNDA:0,(anonymous_2)
FNDA:0,(anonymous_3)
FNDA:0,(anonymous_4)
FNDA:0,(anonymous_5)
FNDA:1,(anonymous_6)
FNDA:0,(anonymous_7)
FNDA:0,(anonymous_8)
DA:1,2
DA:2,2
DA:4,2
DA:5,2
DA:6,2
DA:7,2
DA:8,2
DA:9,2
DA:12,0
DA:16,2
DA:17,0
DA:18,0
DA:20,0
DA:21,0
DA:22,0
DA:23,0
DA:24,0
DA:25,0
DA:28,0
DA:32,2
DA:33,0
DA:34,0
DA:35,0
DA:36,0
DA:37,0
DA:38,0
DA:41,0
DA:45,2
DA:46,1
DA:55,1
DA:56,1
DA:57,1
DA:59,0
DA:63,2
DA:64,0
DA:65,0
DA:67,0
DA:68,0
DA:77,0
DA:82,0
DA:83,0
DA:84,0
DA:86,0
DA:90,2
DA:91,0
DA:92,0
DA:94,0
DA:95,0
DA:100,0
DA:101,0
DA:102,0
DA:104,0
DA:108,2
LF:53
LH:18
BRDA:6,0,0,2
BRDA:6,0,1,0
BRDA:12,1,0,0
BRDA:12,1,1,0
BRDA:17,2,0,0
BRDA:17,2,1,0
BRDA:22,3,0,0
BRDA:22,3,1,0
BRDA:28,4,0,0
BRDA:28,4,1,0
BRDA:35,5,0,0
BRDA:35,5,1,0
BRDA:41,6,0,0
BRDA:41,6,1,0
BRDA:56,7,0,1
BRDA:56,7,1,0
BRDA:59,8,0,0
BRDA:59,8,1,0
BRDA:64,9,0,0
BRDA:64,9,1,0
BRDA:83,10,0,0
BRDA:83,10,1,0
BRDA:86,11,0,0
BRDA:86,11,1,0
BRDA:91,12,0,0
BRDA:91,12,1,0
BRDA:101,13,0,0
BRDA:101,13,1,0
BRDA:104,14,0,0
BRDA:104,14,1,0
BRF:30
BRH:2
end_of_record
TN:
SF:middleware\auth.js
FN:2,(anonymous_0)
FN:12,(anonymous_1)
FNF:2
FNH:2
FNDA:15,(anonymous_0)
FNDA:2,(anonymous_1)
DA:1,2
DA:3,15
DA:4,15
DA:6,0
DA:7,0
DA:9,0
DA:13,2
DA:14,2
DA:16,0
LF:9
LH:5
BRDA:3,0,0,15
BRDA:3,0,1,0
BRDA:6,1,0,0
BRDA:6,1,1,0
BRDA:13,2,0,2
BRDA:13,2,1,0
BRF:6
BRH:2
end_of_record
TN:
SF:routes\entriesRoute.js
FNF:0
FNH:0
DA:1,2
DA:2,2
DA:4,2
DA:6,2
DA:8,2
DA:10,2
DA:12,2
DA:14,2
DA:16,2
DA:18,2
DA:20,2
DA:22,2
LF:12
LH:12
BRF:0
BRH:0
end_of_record
TN:
SF:routes\index.js
FN:17,(anonymous_0)
FN:23,(anonymous_1)
FNF:2
FNH:1
FNDA:2,(anonymous_0)
FNDA:0,(anonymous_1)
DA:1,2
DA:2,2
DA:3,2
DA:7,2
DA:9,2
DA:11,2
DA:13,2
DA:15,2
DA:17,2
DA:18,2
DA:23,2
DA:25,0
DA:31,2
LF:13
LH:12
BRF:0
BRH:0
end_of_record
